0 verbose cli /usr/local/bin/node /usr/local/bin/npm
1 info using npm@8.19.4
2 info using node@v16.20.2
3 timing npm:load:whichnode Completed in 0ms
4 timing config:load:defaults Completed in 0ms
5 timing config:load:file:/usr/local/lib/node_modules/npm/npmrc Completed in 1ms
6 timing config:load:builtin Completed in 1ms
7 timing config:load:cli Completed in 0ms
8 timing config:load:env Completed in 1ms
9 timing config:load:file:/data/.npmrc Completed in 0ms
10 timing config:load:project Completed in 0ms
11 timing config:load:file:/usr/src/node-red/.npmrc Completed in 0ms
12 timing config:load:user Completed in 0ms
13 timing config:load:file:/usr/local/etc/npmrc Completed in 0ms
14 timing config:load:global Completed in 0ms
15 timing config:load:validate Completed in 1ms
16 timing config:load:credentials Completed in 0ms
17 timing config:load:setEnvs Completed in 0ms
18 timing config:load Completed in 4ms
19 timing npm:load:configload Completed in 4ms
20 timing npm:load:mkdirpcache Completed in 2ms
21 timing npm:load:mkdirplogs Completed in 0ms
22 verbose title npm install git
23 verbose argv "install" "git"
24 timing npm:load:setTitle Completed in 1ms
25 timing config:load:flatten Completed in 1ms
26 timing npm:load:display Completed in 2ms
27 verbose logfile logs-max:10 dir:/data/.npm/_logs
28 verbose logfile /data/.npm/_logs/2024-04-21T08_20_36_300Z-debug-0.log
29 timing npm:load:logFile Completed in 2ms
30 timing npm:load:timers Completed in 0ms
31 timing npm:load:configScope Completed in 0ms
32 timing npm:load Completed in 12ms
33 timing arborist:ctor Completed in 1ms
34 silly logfile done cleaning log files
35 timing arborist:ctor Completed in 0ms
36 timing idealTree:init Completed in 5ms
37 timing idealTree:userRequests Completed in 2ms
38 silly idealTree buildDeps
39 silly fetch manifest git@*
40 http fetch GET 200 https://registry.npmjs.org/npm 141ms (cache miss)
41 http fetch GET 200 https://registry.npmjs.org/git 961ms (cache miss)
42 silly placeDep ROOT git@0.1.5 OK for: node-red-project@0.0.1 want: *
43 silly fetch manifest mime@1.2.9
44 http fetch GET 200 https://registry.npmjs.org/mime 895ms (cache miss)
45 timing idealTree:#root Completed in 1861ms
46 silly placeDep ROOT mime@1.2.9 OK for: git@0.1.5 want: 1.2.9
47 timing idealTree:node_modules/git Completed in 1ms
48 timing idealTree:node_modules/mime Completed in 0ms
49 timing idealTree:buildDeps Completed in 1862ms
50 timing idealTree:fixDepFlags Completed in 0ms
51 timing idealTree Completed in 1870ms
52 timing reify:loadTrees Completed in 1870ms
53 timing reify:diffTrees Completed in 0ms
54 silly reify moves {}
55 timing reify:retireShallow Completed in 1ms
56 timing reify:createSparse Completed in 0ms
57 timing reify:loadBundles Completed in 0ms
58 silly audit bulk request { git: [ '0.1.5' ], mime: [ '1.2.9' ] }
59 silly tarball no local data for mime@https://registry.npmjs.org/mime/-/mime-1.2.9.tgz. Extracting by manifest.
60 silly tarball no local data for git@https://registry.npmjs.org/git/-/git-0.1.5.tgz. Extracting by manifest.
61 http fetch GET 200 https://registry.npmjs.org/mime/-/mime-1.2.9.tgz 182ms (cache miss)
62 timing reifyNode:node_modules/mime Completed in 185ms
63 http fetch GET 200 https://registry.npmjs.org/git/-/git-0.1.5.tgz 192ms (cache miss)
64 timing reifyNode:node_modules/git Completed in 195ms
65 timing reify:unpack Completed in 195ms
66 timing reify:unretire Completed in 1ms
67 timing build:queue Completed in 0ms
68 timing build:deps Completed in 0ms
69 timing build Completed in 0ms
70 timing reify:build Completed in 0ms
71 timing reify:trash Completed in 0ms
72 timing reify:save Completed in 3ms
73 http fetch POST 200 https://registry.npmjs.org/-/npm/v1/security/advisories/bulk 340ms
74 timing auditReport:getReport Completed in 340ms
75 silly audit report {
75 silly audit report   git: [
75 silly audit report     {
75 silly audit report       id: 1088754,
75 silly audit report       url: 'https://github.com/advisories/GHSA-9gqr-xp86-f87h',
75 silly audit report       title: 'Code injection in npm git',
75 silly audit report       severity: 'moderate',
75 silly audit report       vulnerable_versions: '<=0.1.5',
75 silly audit report       cwe: [Array],
75 silly audit report       cvss: [Object]
75 silly audit report     }
75 silly audit report   ],
75 silly audit report   mime: [
75 silly audit report     {
75 silly audit report       id: 1093780,
75 silly audit report       url: 'https://github.com/advisories/GHSA-wrvr-8mpx-r7pp',
75 silly audit report       title: 'mime Regular Expression Denial of Service when MIME lookup performed on untrusted user input',
75 silly audit report       severity: 'high',
75 silly audit report       vulnerable_versions: '<1.4.1',
75 silly audit report       cwe: [Array],
75 silly audit report       cvss: [Object]
75 silly audit report     }
75 silly audit report   ]
75 silly audit report }
76 timing metavuln:packument:git Completed in 1ms
77 timing metavuln:packument:mime Completed in 1ms
78 timing metavuln:cache:get:security-advisory:git:8tEsOAfmeUKCXVJxTxkGojblcwhL1zV5b82h53UsfkrH9GoxXSe6/UTDOjUXMjJ/Y5Nq7xhw7eX6RXMNj0jzQw== Completed in 1ms
79 timing metavuln:load:security-advisory:git:1088754 Completed in 0ms
80 timing metavuln:cache:get:security-advisory:mime:zVHyi7/sEflaLtWgw9fX87IE0k3BYjinPSQi7MAn9/XzXoBfVKehfu1d00iTET00uEdAb/qByBTfYH622f77OQ== Completed in 2ms
81 timing metavuln:load:security-advisory:mime:1093780 Completed in 0ms
82 timing metavuln:cache:put:security-advisory:git:8tEsOAfmeUKCXVJxTxkGojblcwhL1zV5b82h53UsfkrH9GoxXSe6/UTDOjUXMjJ/Y5Nq7xhw7eX6RXMNj0jzQw== Completed in 3ms
83 timing metavuln:calculate:security-advisory:git:1088754 Completed in 4ms
84 timing metavuln:cache:put:security-advisory:mime:zVHyi7/sEflaLtWgw9fX87IE0k3BYjinPSQi7MAn9/XzXoBfVKehfu1d00iTET00uEdAb/qByBTfYH622f77OQ== Completed in 1ms
85 timing metavuln:calculate:security-advisory:mime:1093780 Completed in 4ms
86 timing metavuln:cache:get:security-advisory:git:DEQELsL+hzBM5NuqAQJi+l/z1GqMt4LI4KziOdgXq0uimSHxFc3qLQX16wvs/oU8KR5jksnu+BUjdCSxosJCQA== Completed in 0ms
87 timing metavuln:load:security-advisory:git:zVHyi7/sEflaLtWgw9fX87IE0k3BYjinPSQi7MAn9/XzXoBfVKehfu1d00iTET00uEdAb/qByBTfYH622f77OQ== Completed in 0ms
88 timing metavuln:cache:put:security-advisory:git:DEQELsL+hzBM5NuqAQJi+l/z1GqMt4LI4KziOdgXq0uimSHxFc3qLQX16wvs/oU8KR5jksnu+BUjdCSxosJCQA== Completed in 1ms
89 timing metavuln:calculate:security-advisory:git:zVHyi7/sEflaLtWgw9fX87IE0k3BYjinPSQi7MAn9/XzXoBfVKehfu1d00iTET00uEdAb/qByBTfYH622f77OQ== Completed in 1ms
90 timing auditReport:init Completed in 6ms
91 timing reify:audit Completed in 347ms
92 timing reify Completed in 2239ms
93 silly ADD node_modules/mime
94 silly ADD node_modules/git
95 timing command:install Completed in 2241ms
96 notice
96 notice New [31mmajor[39m version of npm available! [31m8.19.4[39m -> [32m10.5.2[39m
96 notice Changelog: [36mhttps://github.com/npm/cli/releases/tag/v10.5.2[39m
96 notice Run [32mnpm install -g npm@10.5.2[39m to update!
96 notice
97 verbose exit 0
98 timing npm Completed in 2384ms
99 info ok
